{"C:\\Users\\jonii\\OneDrive\\Escritorio\\Proyectos\\MONOLITOS\\DESARROLLOS PROPIOS\\CARTA-INTERACTIVA-QR\\QRest\\qrest-admin-panel\\qrest-admin-panel\\src\\features\\products\\api\\ProductService.ts": {"path":"C:\\Users\\jonii\\OneDrive\\Escritorio\\Proyectos\\MONOLITOS\\DESARROLLOS PROPIOS\\CARTA-INTERACTIVA-QR\\QRest\\qrest-admin-panel\\qrest-admin-panel\\src\\features\\products\\api\\ProductService.ts","statementMap":{"0":{"start":{"line":1,"column":0},"end":{"line":1,"column":62}},"1":{"start":{"line":16,"column":34},"end":{"line":16,"column":64}},"2":{"start":{"line":19,"column":24},"end":{"line":25,"column":2}},"3":{"start":{"line":19,"column":69},"end":{"line":25,"column":2}},"4":{"start":{"line":20,"column":19},"end":{"line":22,"column":null}},"5":{"start":{"line":24,"column":2},"end":{"line":24,"column":14}},"6":{"start":{"line":27,"column":13},"end":{"line":29,"column":2}}},"fnMap":{"0":{"name":"(anonymous_7)","decl":{"start":{"line":19,"column":24},"end":{"line":19,"column":31}},"loc":{"start":{"line":19,"column":69},"end":{"line":25,"column":2}}},"1":{"name":"(anonymous_8)","decl":{"start":{"line":19,"column":69},"end":{"line":19,"column":null}},"loc":{"start":{"line":19,"column":69},"end":{"line":25,"column":1}}}},"branchMap":{},"s":{"0":0,"1":0,"2":0,"3":0,"4":0,"5":0,"6":0},"f":{"0":0,"1":0},"b":{}}
,"C:\\Users\\jonii\\OneDrive\\Escritorio\\Proyectos\\MONOLITOS\\DESARROLLOS PROPIOS\\CARTA-INTERACTIVA-QR\\QRest\\qrest-admin-panel\\qrest-admin-panel\\src\\features\\products\\api\\uploadImageService.ts": {"path":"C:\\Users\\jonii\\OneDrive\\Escritorio\\Proyectos\\MONOLITOS\\DESARROLLOS PROPIOS\\CARTA-INTERACTIVA-QR\\QRest\\qrest-admin-panel\\qrest-admin-panel\\src\\features\\products\\api\\uploadImageService.ts","statementMap":{"0":{"start":{"line":1,"column":0},"end":{"line":1,"column":62}},"1":{"start":{"line":20,"column":30},"end":{"line":20,"column":64}},"2":{"start":{"line":36,"column":34},"end":{"line":70,"column":2}},"3":{"start":{"line":38,"column":34},"end":{"line":70,"column":2}},"4":{"start":{"line":42,"column":26},"end":{"line":42,"column":64}},"5":{"start":{"line":46,"column":19},"end":{"line":46,"column":33}},"6":{"start":{"line":50,"column":2},"end":{"line":52,"column":5}},"7":{"start":{"line":51,"column":4},"end":{"line":51,"column":34}},"8":{"start":{"line":59,"column":19},"end":{"line":64,"column":null}},"9":{"start":{"line":69,"column":2},"end":{"line":69,"column":14}},"10":{"start":{"line":36,"column":13},"end":{"line":36,"column":34}}},"fnMap":{"0":{"name":"(anonymous_7)","decl":{"start":{"line":36,"column":34},"end":{"line":36,"column":null}},"loc":{"start":{"line":38,"column":34},"end":{"line":70,"column":2}}},"1":{"name":"(anonymous_8)","decl":{"start":{"line":38,"column":34},"end":{"line":38,"column":null}},"loc":{"start":{"line":38,"column":34},"end":{"line":70,"column":1}}},"2":{"name":"(anonymous_9)","decl":{"start":{"line":50,"column":26},"end":{"line":50,"column":27}},"loc":{"start":{"line":50,"column":35},"end":{"line":52,"column":3}}}},"branchMap":{"0":{"loc":{"start":{"line":42,"column":26},"end":{"line":42,"column":64}},"type":"cond-expr","locations":[{"start":{"line":42,"column":49},"end":{"line":42,"column":54}},{"start":{"line":42,"column":57},"end":{"line":42,"column":64}}]}},"s":{"0":0,"1":0,"2":0,"3":0,"4":0,"5":0,"6":0,"7":0,"8":0,"9":0,"10":0},"f":{"0":0,"1":0,"2":0},"b":{"0":[0,0]}}
,"C:\\Users\\jonii\\OneDrive\\Escritorio\\Proyectos\\MONOLITOS\\DESARROLLOS PROPIOS\\CARTA-INTERACTIVA-QR\\QRest\\qrest-admin-panel\\qrest-admin-panel\\src\\features\\products\\hooks\\useUploadImage.ts": {"path":"C:\\Users\\jonii\\OneDrive\\Escritorio\\Proyectos\\MONOLITOS\\DESARROLLOS PROPIOS\\CARTA-INTERACTIVA-QR\\QRest\\qrest-admin-panel\\qrest-admin-panel\\src\\features\\products\\hooks\\useUploadImage.ts","statementMap":{"0":{"start":{"line":1,"column":0},"end":{"line":1,"column":33}},"1":{"start":{"line":2,"column":0},"end":{"line":2,"column":63}},"2":{"start":{"line":12,"column":30},"end":{"line":57,"column":1}},"3":{"start":{"line":13,"column":40},"end":{"line":13,"column":55}},"4":{"start":{"line":14,"column":34},"end":{"line":14,"column":76}},"5":{"start":{"line":15,"column":28},"end":{"line":15,"column":57}},"6":{"start":{"line":20,"column":17},"end":{"line":40,"column":4}},"7":{"start":{"line":20,"column":78},"end":{"line":40,"column":4}},"8":{"start":{"line":21,"column":4},"end":{"line":39,"column":5}},"9":{"start":{"line":22,"column":6},"end":{"line":22,"column":27}},"10":{"start":{"line":23,"column":6},"end":{"line":23,"column":21}},"11":{"start":{"line":25,"column":23},"end":{"line":25,"column":54}},"12":{"start":{"line":27,"column":6},"end":{"line":27,"column":28}},"13":{"start":{"line":28,"column":6},"end":{"line":28,"column":22}},"14":{"start":{"line":32,"column":8},"end":{"line":32,"column":66}},"15":{"start":{"line":34,"column":6},"end":{"line":34,"column":24}},"16":{"start":{"line":35,"column":6},"end":{"line":35,"column":16}},"17":{"start":{"line":38,"column":6},"end":{"line":38,"column":28}},"18":{"start":{"line":45,"column":16},"end":{"line":48,"column":3}},"19":{"start":{"line":46,"column":4},"end":{"line":46,"column":22}},"20":{"start":{"line":47,"column":4},"end":{"line":47,"column":19}},"21":{"start":{"line":50,"column":2},"end":{"line":56,"column":4}},"22":{"start":{"line":12,"column":13},"end":{"line":12,"column":30}}},"fnMap":{"0":{"name":"(anonymous_7)","decl":{"start":{"line":12,"column":30},"end":{"line":12,"column":33}},"loc":{"start":{"line":12,"column":35},"end":{"line":57,"column":1}}},"1":{"name":"(anonymous_8)","decl":{"start":{"line":20,"column":17},"end":{"line":20,"column":24}},"loc":{"start":{"line":20,"column":78},"end":{"line":40,"column":4}}},"2":{"name":"(anonymous_9)","decl":{"start":{"line":20,"column":78},"end":{"line":20,"column":null}},"loc":{"start":{"line":20,"column":78},"end":{"line":40,"column":3}}},"3":{"name":"(anonymous_10)","decl":{"start":{"line":45,"column":16},"end":{"line":45,"column":19}},"loc":{"start":{"line":45,"column":21},"end":{"line":48,"column":3}}}},"branchMap":{"0":{"loc":{"start":{"line":32,"column":8},"end":{"line":32,"column":66}},"type":"cond-expr","locations":[{"start":{"line":32,"column":36},"end":{"line":32,"column":40}},{"start":{"line":32,"column":40},"end":{"line":32,"column":66}}]},"1":{"loc":{"start":{"line":32,"column":8},"end":{"line":32,"column":40}},"type":"binary-expr","locations":[{"start":{"line":32,"column":8},"end":{"line":32,"column":40}},{"start":{"line":32,"column":36},"end":{"line":32,"column":40}}]},"2":{"loc":{"start":{"line":32,"column":8},"end":{"line":32,"column":36}},"type":"cond-expr","locations":[{"start":{"line":32,"column":27},"end":{"line":32,"column":29}},{"start":{"line":32,"column":27},"end":{"line":32,"column":36}}]},"3":{"loc":{"start":{"line":32,"column":8},"end":{"line":32,"column":29}},"type":"binary-expr","locations":[{"start":{"line":32,"column":8},"end":{"line":32,"column":29}},{"start":{"line":32,"column":27},"end":{"line":32,"column":29}}]},"4":{"loc":{"start":{"line":32,"column":8},"end":{"line":32,"column":27}},"type":"cond-expr","locations":[{"start":{"line":32,"column":21},"end":{"line":32,"column":23}},{"start":{"line":32,"column":21},"end":{"line":32,"column":27}}]},"5":{"loc":{"start":{"line":32,"column":8},"end":{"line":32,"column":23}},"type":"binary-expr","locations":[{"start":{"line":32,"column":8},"end":{"line":32,"column":23}},{"start":{"line":32,"column":21},"end":{"line":32,"column":23}}]},"6":{"loc":{"start":{"line":32,"column":8},"end":{"line":32,"column":21}},"type":"cond-expr","locations":[{"start":{"line":32,"column":11},"end":{"line":32,"column":13}},{"start":{"line":32,"column":8},"end":{"line":32,"column":21}}]},"7":{"loc":{"start":{"line":32,"column":8},"end":{"line":32,"column":13}},"type":"binary-expr","locations":[{"start":{"line":32,"column":8},"end":{"line":32,"column":13}},{"start":{"line":32,"column":8},"end":{"line":32,"column":13}}]}},"s":{"0":0,"1":0,"2":0,"3":0,"4":0,"5":0,"6":0,"7":0,"8":0,"9":0,"10":0,"11":0,"12":0,"13":0,"14":0,"15":0,"16":0,"17":0,"18":0,"19":0,"20":0,"21":0,"22":0},"f":{"0":0,"1":0,"2":0,"3":0},"b":{"0":[0,0],"1":[0,0],"2":[0,0],"3":[0,0],"4":[0,0],"5":[0,0],"6":[0,0],"7":[0,0]}}
,"C:\\Users\\jonii\\OneDrive\\Escritorio\\Proyectos\\MONOLITOS\\DESARROLLOS PROPIOS\\CARTA-INTERACTIVA-QR\\QRest\\qrest-admin-panel\\qrest-admin-panel\\src\\shared\\hooks\\useFileUpload.ts": {"path":"C:\\Users\\jonii\\OneDrive\\Escritorio\\Proyectos\\MONOLITOS\\DESARROLLOS PROPIOS\\CARTA-INTERACTIVA-QR\\QRest\\qrest-admin-panel\\qrest-admin-panel\\src\\shared\\hooks\\useFileUpload.ts","statementMap":{"0":{"start":{"line":1,"column":0},"end":{"line":1,"column":33}},"1":{"start":{"line":4,"column":29},"end":{"line":122,"column":1}},"2":{"start":{"line":16,"column":28},"end":{"line":16,"column":58}},"3":{"start":{"line":17,"column":42},"end":{"line":17,"column":54}},"4":{"start":{"line":19,"column":23},"end":{"line":40,"column":3}},"5":{"start":{"line":20,"column":4},"end":{"line":23,"column":5}},"6":{"start":{"line":21,"column":21},"end":{"line":21,"column":55}},"7":{"start":{"line":22,"column":6},"end":{"line":22,"column":73}},"8":{"start":{"line":25,"column":4},"end":{"line":37,"column":5}},"9":{"start":{"line":26,"column":23},"end":{"line":26,"column":61}},"10":{"start":{"line":26,"column":52},"end":{"line":26,"column":60}},"11":{"start":{"line":27,"column":22},"end":{"line":27,"column":54}},"12":{"start":{"line":28,"column":23},"end":{"line":28,"column":32}},"13":{"start":{"line":30,"column":17},"end":{"line":34,"column":8}},"14":{"start":{"line":31,"column":8},"end":{"line":31,"column":86}},"15":{"start":{"line":31,"column":34},"end":{"line":31,"column":86}},"16":{"start":{"line":32,"column":8},"end":{"line":32,"column":84}},"17":{"start":{"line":32,"column":33},"end":{"line":32,"column":84}},"18":{"start":{"line":33,"column":8},"end":{"line":33,"column":33}},"19":{"start":{"line":36,"column":6},"end":{"line":36,"column":74}},"20":{"start":{"line":36,"column":15},"end":{"line":36,"column":74}},"21":{"start":{"line":39,"column":4},"end":{"line":39,"column":16}},"22":{"start":{"line":42,"column":22},"end":{"line":54,"column":3}},"23":{"start":{"line":43,"column":14},"end":{"line":43,"column":23}},"24":{"start":{"line":45,"column":4},"end":{"line":45,"column":47}},"25":{"start":{"line":45,"column":32},"end":{"line":45,"column":47}},"26":{"start":{"line":46,"column":4},"end":{"line":46,"column":47}},"27":{"start":{"line":46,"column":32},"end":{"line":46,"column":47}},"28":{"start":{"line":47,"column":4},"end":{"line":47,"column":47}},"29":{"start":{"line":47,"column":32},"end":{"line":47,"column":47}},"30":{"start":{"line":48,"column":4},"end":{"line":48,"column":46}},"31":{"start":{"line":48,"column":33},"end":{"line":48,"column":46}},"32":{"start":{"line":49,"column":4},"end":{"line":49,"column":72}},"33":{"start":{"line":49,"column":54},"end":{"line":49,"column":72}},"34":{"start":{"line":50,"column":4},"end":{"line":50,"column":73}},"35":{"start":{"line":50,"column":52},"end":{"line":50,"column":73}},"36":{"start":{"line":51,"column":4},"end":{"line":51,"column":65}},"37":{"start":{"line":51,"column":48},"end":{"line":51,"column":65}},"38":{"start":{"line":53,"column":4},"end":{"line":53,"column":18}},"39":{"start":{"line":56,"column":23},"end":{"line":101,"column":3}},"40":{"start":{"line":57,"column":21},"end":{"line":57,"column":37}},"41":{"start":{"line":59,"column":4},"end":{"line":64,"column":5}},"42":{"start":{"line":60,"column":18},"end":{"line":60,"column":46}},"43":{"start":{"line":61,"column":6},"end":{"line":61,"column":27}},"44":{"start":{"line":62,"column":6},"end":{"line":62,"column":21}},"45":{"start":{"line":63,"column":6},"end":{"line":63,"column":13}},"46":{"start":{"line":66,"column":18},"end":{"line":66,"column":48}},"47":{"start":{"line":67,"column":4},"end":{"line":72,"column":5}},"48":{"start":{"line":68,"column":18},"end":{"line":68,"column":58}},"49":{"start":{"line":69,"column":6},"end":{"line":69,"column":27}},"50":{"start":{"line":70,"column":6},"end":{"line":70,"column":21}},"51":{"start":{"line":71,"column":6},"end":{"line":71,"column":13}},"52":{"start":{"line":74,"column":39},"end":{"line":74,"column":41}},"53":{"start":{"line":76,"column":4},"end":{"line":95,"column":5}},"54":{"start":{"line":77,"column":16},"end":{"line":77,"column":34}},"55":{"start":{"line":78,"column":6},"end":{"line":82,"column":7}},"56":{"start":{"line":79,"column":8},"end":{"line":79,"column":27}},"57":{"start":{"line":80,"column":8},"end":{"line":80,"column":21}},"58":{"start":{"line":81,"column":8},"end":{"line":81,"column":15}},"59":{"start":{"line":84,"column":19},"end":{"line":84,"column":36}},"60":{"start":{"line":85,"column":22},"end":{"line":85,"column":88}},"61":{"start":{"line":87,"column":6},"end":{"line":94,"column":9}},"62":{"start":{"line":97,"column":20},"end":{"line":97,"column":65}},"63":{"start":{"line":98,"column":4},"end":{"line":98,"column":22}},"64":{"start":{"line":99,"column":4},"end":{"line":99,"column":24}},"65":{"start":{"line":100,"column":4},"end":{"line":100,"column":43}},"66":{"start":{"line":100,"column":34},"end":{"line":100,"column":40}},"67":{"start":{"line":103,"column":21},"end":{"line":113,"column":3}},"68":{"start":{"line":104,"column":20},"end":{"line":104,"column":50}},"69":{"start":{"line":104,"column":38},"end":{"line":104,"column":49}},"70":{"start":{"line":105,"column":4},"end":{"line":105,"column":63}},"71":{"start":{"line":105,"column":26},"end":{"line":105,"column":63}},"72":{"start":{"line":107,"column":20},"end":{"line":107,"column":52}},"73":{"start":{"line":107,"column":40},"end":{"line":107,"column":51}},"74":{"start":{"line":108,"column":4},"end":{"line":108,"column":22}},"75":{"start":{"line":109,"column":4},"end":{"line":109,"column":24}},"76":{"start":{"line":111,"column":4},"end":{"line":111,"column":43}},"77":{"start":{"line":111,"column":34},"end":{"line":111,"column":40}},"78":{"start":{"line":112,"column":4},"end":{"line":112,"column":42}},"79":{"start":{"line":112,"column":17},"end":{"line":112,"column":42}},"80":{"start":{"line":115,"column":2},"end":{"line":121,"column":4}},"81":{"start":{"line":4,"column":13},"end":{"line":4,"column":29}}},"fnMap":{"0":{"name":"(anonymous_0)","decl":{"start":{"line":4,"column":29},"end":{"line":4,"column":null}},"loc":{"start":{"line":15,"column":4},"end":{"line":122,"column":1}}},"1":{"name":"(anonymous_1)","decl":{"start":{"line":19,"column":23},"end":{"line":19,"column":24}},"loc":{"start":{"line":19,"column":53},"end":{"line":40,"column":3}}},"2":{"name":"(anonymous_2)","decl":{"start":{"line":26,"column":45},"end":{"line":26,"column":46}},"loc":{"start":{"line":26,"column":52},"end":{"line":26,"column":60}}},"3":{"name":"(anonymous_3)","decl":{"start":{"line":30,"column":31},"end":{"line":30,"column":32}},"loc":{"start":{"line":30,"column":40},"end":{"line":34,"column":7}}},"4":{"name":"(anonymous_4)","decl":{"start":{"line":42,"column":22},"end":{"line":42,"column":23}},"loc":{"start":{"line":42,"column":47},"end":{"line":54,"column":3}}},"5":{"name":"(anonymous_5)","decl":{"start":{"line":56,"column":23},"end":{"line":56,"column":24}},"loc":{"start":{"line":56,"column":42},"end":{"line":101,"column":3}}},"6":{"name":"(anonymous_6)","decl":{"start":{"line":100,"column":27},"end":{"line":100,"column":28}},"loc":{"start":{"line":100,"column":34},"end":{"line":100,"column":40}}},"7":{"name":"(anonymous_7)","decl":{"start":{"line":103,"column":21},"end":{"line":103,"column":22}},"loc":{"start":{"line":103,"column":36},"end":{"line":113,"column":3}}},"8":{"name":"(anonymous_8)","decl":{"start":{"line":104,"column":31},"end":{"line":104,"column":32}},"loc":{"start":{"line":104,"column":38},"end":{"line":104,"column":49}}},"9":{"name":"(anonymous_9)","decl":{"start":{"line":107,"column":33},"end":{"line":107,"column":34}},"loc":{"start":{"line":107,"column":40},"end":{"line":107,"column":51}}},"10":{"name":"(anonymous_10)","decl":{"start":{"line":111,"column":27},"end":{"line":111,"column":28}},"loc":{"start":{"line":111,"column":34},"end":{"line":111,"column":40}}}},"branchMap":{"0":{"loc":{"start":{"line":6,"column":4},"end":{"line":6,"column":18}},"type":"default-arg","locations":[{"start":{"line":6,"column":13},"end":{"line":6,"column":18}}]},"1":{"loc":{"start":{"line":7,"column":4},"end":{"line":7,"column":20}},"type":"default-arg","locations":[{"start":{"line":7,"column":15},"end":{"line":7,"column":20}}]},"2":{"loc":{"start":{"line":8,"column":4},"end":{"line":8,"column":22}},"type":"default-arg","locations":[{"start":{"line":8,"column":14},"end":{"line":8,"column":22}}]},"3":{"loc":{"start":{"line":9,"column":4},"end":{"line":9,"column":16}},"type":"default-arg","locations":[{"start":{"line":9,"column":15},"end":{"line":9,"column":16}}]},"4":{"loc":{"start":{"line":10,"column":4},"end":{"line":10,"column":22}},"type":"default-arg","locations":[{"start":{"line":10,"column":18},"end":{"line":10,"column":22}}]},"5":{"loc":{"start":{"line":20,"column":4},"end":{"line":23,"column":5}},"type":"if","locations":[{"start":{"line":20,"column":4},"end":{"line":23,"column":5}},{"start":{},"end":{}}]},"6":{"loc":{"start":{"line":25,"column":4},"end":{"line":37,"column":5}},"type":"if","locations":[{"start":{"line":25,"column":4},"end":{"line":37,"column":5}},{"start":{},"end":{}}]},"7":{"loc":{"start":{"line":31,"column":8},"end":{"line":31,"column":86}},"type":"if","locations":[{"start":{"line":31,"column":8},"end":{"line":31,"column":86}},{"start":{},"end":{}}]},"8":{"loc":{"start":{"line":32,"column":8},"end":{"line":32,"column":84}},"type":"if","locations":[{"start":{"line":32,"column":8},"end":{"line":32,"column":84}},{"start":{},"end":{}}]},"9":{"loc":{"start":{"line":36,"column":6},"end":{"line":36,"column":74}},"type":"if","locations":[{"start":{"line":36,"column":6},"end":{"line":36,"column":74}},{"start":{},"end":{}}]},"10":{"loc":{"start":{"line":45,"column":4},"end":{"line":45,"column":47}},"type":"if","locations":[{"start":{"line":45,"column":4},"end":{"line":45,"column":47}},{"start":{},"end":{}}]},"11":{"loc":{"start":{"line":46,"column":4},"end":{"line":46,"column":47}},"type":"if","locations":[{"start":{"line":46,"column":4},"end":{"line":46,"column":47}},{"start":{},"end":{}}]},"12":{"loc":{"start":{"line":47,"column":4},"end":{"line":47,"column":47}},"type":"if","locations":[{"start":{"line":47,"column":4},"end":{"line":47,"column":47}},{"start":{},"end":{}}]},"13":{"loc":{"start":{"line":48,"column":4},"end":{"line":48,"column":46}},"type":"if","locations":[{"start":{"line":48,"column":4},"end":{"line":48,"column":46}},{"start":{},"end":{}}]},"14":{"loc":{"start":{"line":49,"column":4},"end":{"line":49,"column":72}},"type":"if","locations":[{"start":{"line":49,"column":4},"end":{"line":49,"column":72}},{"start":{},"end":{}}]},"15":{"loc":{"start":{"line":49,"column":8},"end":{"line":49,"column":52}},"type":"binary-expr","locations":[{"start":{"line":49,"column":8},"end":{"line":49,"column":26}},{"start":{"line":49,"column":30},"end":{"line":49,"column":52}}]},"16":{"loc":{"start":{"line":50,"column":4},"end":{"line":50,"column":73}},"type":"if","locations":[{"start":{"line":50,"column":4},"end":{"line":50,"column":73}},{"start":{},"end":{}}]},"17":{"loc":{"start":{"line":50,"column":8},"end":{"line":50,"column":50}},"type":"binary-expr","locations":[{"start":{"line":50,"column":8},"end":{"line":50,"column":27}},{"start":{"line":50,"column":31},"end":{"line":50,"column":50}}]},"18":{"loc":{"start":{"line":51,"column":4},"end":{"line":51,"column":65}},"type":"if","locations":[{"start":{"line":51,"column":4},"end":{"line":51,"column":65}},{"start":{},"end":{}}]},"19":{"loc":{"start":{"line":51,"column":8},"end":{"line":51,"column":46}},"type":"binary-expr","locations":[{"start":{"line":51,"column":8},"end":{"line":51,"column":25}},{"start":{"line":51,"column":29},"end":{"line":51,"column":46}}]},"20":{"loc":{"start":{"line":59,"column":4},"end":{"line":64,"column":5}},"type":"if","locations":[{"start":{"line":59,"column":4},"end":{"line":64,"column":5}},{"start":{},"end":{}}]},"21":{"loc":{"start":{"line":59,"column":8},"end":{"line":59,"column":40}},"type":"binary-expr","locations":[{"start":{"line":59,"column":8},"end":{"line":59,"column":17}},{"start":{"line":59,"column":21},"end":{"line":59,"column":40}}]},"22":{"loc":{"start":{"line":62,"column":6},"end":{"line":62,"column":20}},"type":"cond-expr","locations":[{"start":{"line":62,"column":13},"end":{"line":62,"column":16}},{"start":{"line":62,"column":6},"end":{"line":62,"column":20}}]},"23":{"loc":{"start":{"line":62,"column":6},"end":{"line":62,"column":16}},"type":"binary-expr","locations":[{"start":{"line":62,"column":6},"end":{"line":62,"column":16}},{"start":{"line":62,"column":6},"end":{"line":62,"column":16}}]},"24":{"loc":{"start":{"line":67,"column":4},"end":{"line":72,"column":5}},"type":"if","locations":[{"start":{"line":67,"column":4},"end":{"line":72,"column":5}},{"start":{},"end":{}}]},"25":{"loc":{"start":{"line":67,"column":8},"end":{"line":67,"column":36}},"type":"binary-expr","locations":[{"start":{"line":67,"column":8},"end":{"line":67,"column":16}},{"start":{"line":67,"column":20},"end":{"line":67,"column":36}}]},"26":{"loc":{"start":{"line":70,"column":6},"end":{"line":70,"column":20}},"type":"cond-expr","locations":[{"start":{"line":70,"column":13},"end":{"line":70,"column":16}},{"start":{"line":70,"column":6},"end":{"line":70,"column":20}}]},"27":{"loc":{"start":{"line":70,"column":6},"end":{"line":70,"column":16}},"type":"binary-expr","locations":[{"start":{"line":70,"column":6},"end":{"line":70,"column":16}},{"start":{"line":70,"column":6},"end":{"line":70,"column":16}}]},"28":{"loc":{"start":{"line":78,"column":6},"end":{"line":82,"column":7}},"type":"if","locations":[{"start":{"line":78,"column":6},"end":{"line":82,"column":7}},{"start":{},"end":{}}]},"29":{"loc":{"start":{"line":80,"column":8},"end":{"line":80,"column":20}},"type":"cond-expr","locations":[{"start":{"line":80,"column":15},"end":{"line":80,"column":18}},{"start":{"line":80,"column":8},"end":{"line":80,"column":20}}]},"30":{"loc":{"start":{"line":80,"column":8},"end":{"line":80,"column":18}},"type":"binary-expr","locations":[{"start":{"line":80,"column":8},"end":{"line":80,"column":18}},{"start":{"line":80,"column":8},"end":{"line":80,"column":18}}]},"31":{"loc":{"start":{"line":85,"column":22},"end":{"line":85,"column":88}},"type":"cond-expr","locations":[{"start":{"line":85,"column":56},"end":{"line":85,"column":81}},{"start":{"line":85,"column":84},"end":{"line":85,"column":88}}]},"32":{"loc":{"start":{"line":85,"column":22},"end":{"line":85,"column":53}},"type":"binary-expr","locations":[{"start":{"line":85,"column":22},"end":{"line":85,"column":33}},{"start":{"line":85,"column":37},"end":{"line":85,"column":53}}]},"33":{"loc":{"start":{"line":97,"column":20},"end":{"line":97,"column":65}},"type":"cond-expr","locations":[{"start":{"line":97,"column":31},"end":{"line":97,"column":54}},{"start":{"line":97,"column":57},"end":{"line":97,"column":65}}]},"34":{"loc":{"start":{"line":100,"column":4},"end":{"line":100,"column":42}},"type":"cond-expr","locations":[{"start":{"line":100,"column":12},"end":{"line":100,"column":15}},{"start":{"line":100,"column":4},"end":{"line":100,"column":42}}]},"35":{"loc":{"start":{"line":100,"column":4},"end":{"line":100,"column":15}},"type":"binary-expr","locations":[{"start":{"line":100,"column":4},"end":{"line":100,"column":15}},{"start":{"line":100,"column":4},"end":{"line":100,"column":15}}]},"36":{"loc":{"start":{"line":105,"column":4},"end":{"line":105,"column":63}},"type":"if","locations":[{"start":{"line":105,"column":4},"end":{"line":105,"column":63}},{"start":{},"end":{}}]},"37":{"loc":{"start":{"line":105,"column":8},"end":{"line":105,"column":24}},"type":"cond-expr","locations":[{"start":{"line":105,"column":15},"end":{"line":105,"column":17}},{"start":{"line":105,"column":8},"end":{"line":105,"column":24}}]},"38":{"loc":{"start":{"line":105,"column":8},"end":{"line":105,"column":17}},"type":"binary-expr","locations":[{"start":{"line":105,"column":8},"end":{"line":105,"column":17}},{"start":{"line":105,"column":8},"end":{"line":105,"column":17}}]},"39":{"loc":{"start":{"line":111,"column":4},"end":{"line":111,"column":42}},"type":"cond-expr","locations":[{"start":{"line":111,"column":12},"end":{"line":111,"column":15}},{"start":{"line":111,"column":4},"end":{"line":111,"column":42}}]},"40":{"loc":{"start":{"line":111,"column":4},"end":{"line":111,"column":15}},"type":"binary-expr","locations":[{"start":{"line":111,"column":4},"end":{"line":111,"column":15}},{"start":{"line":111,"column":4},"end":{"line":111,"column":15}}]},"41":{"loc":{"start":{"line":112,"column":4},"end":{"line":112,"column":42}},"type":"if","locations":[{"start":{"line":112,"column":4},"end":{"line":112,"column":42}},{"start":{},"end":{}}]},"42":{"loc":{"start":{"line":112,"column":17},"end":{"line":112,"column":41}},"type":"cond-expr","locations":[{"start":{"line":112,"column":25},"end":{"line":112,"column":28}},{"start":{"line":112,"column":17},"end":{"line":112,"column":41}}]},"43":{"loc":{"start":{"line":112,"column":17},"end":{"line":112,"column":28}},"type":"binary-expr","locations":[{"start":{"line":112,"column":17},"end":{"line":112,"column":28}},{"start":{"line":112,"column":17},"end":{"line":112,"column":28}}]}},"s":{"0":1,"1":1,"2":46,"3":46,"4":46,"5":22,"6":2,"7":2,"8":20,"9":5,"10":7,"11":5,"12":5,"13":5,"14":5,"15":1,"16":4,"17":3,"18":1,"19":5,"20":1,"21":19,"22":46,"23":19,"24":19,"25":15,"26":4,"27":1,"28":3,"29":0,"30":3,"31":2,"32":1,"33":0,"34":1,"35":0,"36":1,"37":0,"38":1,"39":46,"40":22,"41":22,"42":2,"43":2,"44":2,"45":2,"46":20,"47":20,"48":1,"49":1,"50":1,"51":1,"52":19,"53":19,"54":22,"55":22,"56":3,"57":3,"58":3,"59":19,"60":19,"61":19,"62":16,"63":16,"64":16,"65":16,"66":4,"67":46,"68":2,"69":2,"70":2,"71":2,"72":2,"73":3,"74":2,"75":2,"76":2,"77":1,"78":2,"79":2,"80":46,"81":1},"f":{"0":46,"1":22,"2":7,"3":5,"4":19,"5":22,"6":4,"7":2,"8":2,"9":3,"10":1},"b":{"0":[30],"1":[29],"2":[40],"3":[44],"4":[40],"5":[2,20],"6":[5,15],"7":[1,4],"8":[3,1],"9":[1,4],"10":[15,4],"11":[1,3],"12":[0,3],"13":[2,1],"14":[0,1],"15":[1,1],"16":[0,1],"17":[1,1],"18":[0,1],"19":[1,1],"20":[2,20],"21":[22,17],"22":[1,1],"23":[2,2],"24":[1,19],"25":[20,5],"26":[0,1],"27":[1,1],"28":[3,19],"29":[0,3],"30":[3,3],"31":[14,5],"32":[19,18],"33":[4,12],"34":[13,3],"35":[16,16],"36":[2,0],"37":[0,2],"38":[2,2],"39":[1,1],"40":[2,2],"41":[2,0],"42":[1,1],"43":[2,2]}}
,"C:\\Users\\jonii\\OneDrive\\Escritorio\\Proyectos\\MONOLITOS\\DESARROLLOS PROPIOS\\CARTA-INTERACTIVA-QR\\QRest\\qrest-admin-panel\\qrest-admin-panel\\src\\shared\\utils\\layoutModes.ts": {"path":"C:\\Users\\jonii\\OneDrive\\Escritorio\\Proyectos\\MONOLITOS\\DESARROLLOS PROPIOS\\CARTA-INTERACTIVA-QR\\QRest\\qrest-admin-panel\\qrest-admin-panel\\src\\shared\\utils\\layoutModes.ts","statementMap":{"0":{"start":{"line":12,"column":29},"end":{"line":42,"column":1}},"1":{"start":{"line":14,"column":2},"end":{"line":18,"column":4}},"2":{"start":{"line":21,"column":2},"end":{"line":41,"column":3}},"3":{"start":{"line":23,"column":6},"end":{"line":23,"column":54}},"4":{"start":{"line":24,"column":6},"end":{"line":24,"column":82}},"5":{"start":{"line":25,"column":6},"end":{"line":25,"column":12}},"6":{"start":{"line":28,"column":6},"end":{"line":28,"column":53}},"7":{"start":{"line":29,"column":6},"end":{"line":29,"column":74}},"8":{"start":{"line":30,"column":6},"end":{"line":30,"column":12}},"9":{"start":{"line":33,"column":6},"end":{"line":33,"column":48}},"10":{"start":{"line":34,"column":6},"end":{"line":34,"column":56}},"11":{"start":{"line":35,"column":6},"end":{"line":35,"column":12}},"12":{"start":{"line":39,"column":6},"end":{"line":39,"column":66}},"13":{"start":{"line":40,"column":6},"end":{"line":40,"column":12}},"14":{"start":{"line":12,"column":13},"end":{"line":12,"column":29}},"15":{"start":{"line":48,"column":36},"end":{"line":59,"column":1}},"16":{"start":{"line":49,"column":2},"end":{"line":51,"column":3}},"17":{"start":{"line":50,"column":4},"end":{"line":50,"column":25}},"18":{"start":{"line":52,"column":2},"end":{"line":54,"column":3}},"19":{"start":{"line":53,"column":4},"end":{"line":53,"column":24}},"20":{"start":{"line":55,"column":2},"end":{"line":57,"column":3}},"21":{"start":{"line":56,"column":4},"end":{"line":56,"column":19}},"22":{"start":{"line":58,"column":2},"end":{"line":58,"column":19}},"23":{"start":{"line":48,"column":13},"end":{"line":48,"column":36}},"24":{"start":{"line":64,"column":37},"end":{"line":68,"column":1}},"25":{"start":{"line":65,"column":22},"end":{"line":65,"column":44}},"26":{"start":{"line":66,"column":18},"end":{"line":66,"column":78}},"27":{"start":{"line":67,"column":2},"end":{"line":67,"column":25}},"28":{"start":{"line":64,"column":13},"end":{"line":64,"column":37}},"29":{"start":{"line":73,"column":13},"end":{"line":88,"column":2}},"30":{"start":{"line":75,"column":27},"end":{"line":75,"column":55}},"31":{"start":{"line":78,"column":26},"end":{"line":78,"column":53}},"32":{"start":{"line":81,"column":21},"end":{"line":81,"column":43}},"33":{"start":{"line":84,"column":15},"end":{"line":84,"column":39}},"34":{"start":{"line":91,"column":0},"end":{"line":101,"column":1}},"35":{"start":{"line":92,"column":3},"end":{"line":95,"column":31}},"36":{"start":{"line":97,"column":3},"end":{"line":100,"column":35}}},"fnMap":{"0":{"name":"(anonymous_0)","decl":{"start":{"line":12,"column":29},"end":{"line":12,"column":30}},"loc":{"start":{"line":12,"column":50},"end":{"line":42,"column":1}}},"1":{"name":"(anonymous_1)","decl":{"start":{"line":48,"column":36},"end":{"line":48,"column":51}},"loc":{"start":{"line":48,"column":53},"end":{"line":59,"column":1}}},"2":{"name":"(anonymous_2)","decl":{"start":{"line":64,"column":37},"end":{"line":64,"column":40}},"loc":{"start":{"line":64,"column":42},"end":{"line":68,"column":1}}},"3":{"name":"(anonymous_3)","decl":{"start":{"line":75,"column":21},"end":{"line":75,"column":24}},"loc":{"start":{"line":75,"column":27},"end":{"line":75,"column":55}}},"4":{"name":"(anonymous_4)","decl":{"start":{"line":78,"column":20},"end":{"line":78,"column":23}},"loc":{"start":{"line":78,"column":26},"end":{"line":78,"column":53}}},"5":{"name":"(anonymous_5)","decl":{"start":{"line":81,"column":15},"end":{"line":81,"column":18}},"loc":{"start":{"line":81,"column":21},"end":{"line":81,"column":43}}},"6":{"name":"(anonymous_6)","decl":{"start":{"line":84,"column":9},"end":{"line":84,"column":12}},"loc":{"start":{"line":84,"column":15},"end":{"line":84,"column":39}}}},"branchMap":{"0":{"loc":{"start":{"line":21,"column":2},"end":{"line":41,"column":3}},"type":"switch","locations":[{"start":{"line":22,"column":4},"end":{"line":25,"column":12}},{"start":{"line":27,"column":4},"end":{"line":30,"column":12}},{"start":{"line":32,"column":4},"end":{"line":35,"column":12}},{"start":{"line":37,"column":4},"end":{"line":40,"column":12}}]},"1":{"loc":{"start":{"line":49,"column":2},"end":{"line":51,"column":3}},"type":"if","locations":[{"start":{"line":49,"column":2},"end":{"line":51,"column":3}},{"start":{},"end":{}}]},"2":{"loc":{"start":{"line":52,"column":2},"end":{"line":54,"column":3}},"type":"if","locations":[{"start":{"line":52,"column":2},"end":{"line":54,"column":3}},{"start":{},"end":{}}]},"3":{"loc":{"start":{"line":55,"column":2},"end":{"line":57,"column":3}},"type":"if","locations":[{"start":{"line":55,"column":2},"end":{"line":57,"column":3}},{"start":{},"end":{}}]},"4":{"loc":{"start":{"line":66,"column":18},"end":{"line":66,"column":78}},"type":"cond-expr","locations":[{"start":{"line":66,"column":50},"end":{"line":66,"column":62}},{"start":{"line":66,"column":65},"end":{"line":66,"column":78}}]},"5":{"loc":{"start":{"line":91,"column":0},"end":{"line":101,"column":1}},"type":"if","locations":[{"start":{"line":91,"column":0},"end":{"line":101,"column":1}},{"start":{},"end":{}}]}},"s":{"0":0,"1":0,"2":0,"3":0,"4":0,"5":0,"6":0,"7":0,"8":0,"9":0,"10":0,"11":0,"12":0,"13":0,"14":0,"15":0,"16":0,"17":0,"18":0,"19":0,"20":0,"21":0,"22":0,"23":0,"24":0,"25":0,"26":0,"27":0,"28":0,"29":0,"30":0,"31":0,"32":0,"33":0,"34":0,"35":0,"36":0},"f":{"0":0,"1":0,"2":0,"3":0,"4":0,"5":0,"6":0},"b":{"0":[0,0,0,0],"1":[0,0],"2":[0,0],"3":[0,0],"4":[0,0],"5":[0,0]}}
}
