TN:
SF:src\features\products\api\ProductService.ts
FN:19,(anonymous_7)
FN:19,(anonymous_8)
FNF:2
FNH:0
FNDA:0,(anonymous_7)
FNDA:0,(anonymous_8)
DA:1,0
DA:16,0
DA:19,0
DA:20,0
DA:24,0
DA:27,0
LF:6
LH:0
BRF:0
BRH:0
end_of_record
TN:
SF:src\features\products\api\uploadImageService.ts
FN:36,(anonymous_7)
FN:38,(anonymous_8)
FN:50,(anonymous_9)
FNF:3
FNH:0
FNDA:0,(anonymous_7)
FNDA:0,(anonymous_8)
FNDA:0,(anonymous_9)
DA:1,0
DA:20,0
DA:36,0
DA:38,0
DA:42,0
DA:46,0
DA:50,0
DA:51,0
DA:59,0
DA:69,0
LF:10
LH:0
BRDA:42,0,0,0
BRDA:42,0,1,0
BRF:2
BRH:0
end_of_record
TN:
SF:src\features\products\hooks\useUploadImage.ts
FN:12,(anonymous_7)
FN:20,(anonymous_8)
FN:20,(anonymous_9)
FN:45,(anonymous_10)
FNF:4
FNH:0
FNDA:0,(anonymous_7)
FNDA:0,(anonymous_8)
FNDA:0,(anonymous_9)
FNDA:0,(anonymous_10)
DA:1,0
DA:2,0
DA:12,0
DA:13,0
DA:14,0
DA:15,0
DA:20,0
DA:21,0
DA:22,0
DA:23,0
DA:25,0
DA:27,0
DA:28,0
DA:32,0
DA:34,0
DA:35,0
DA:38,0
DA:45,0
DA:46,0
DA:47,0
DA:50,0
LF:21
LH:0
BRDA:32,0,0,0
BRDA:32,0,1,0
BRDA:32,1,0,0
BRDA:32,1,1,0
BRDA:32,2,0,0
BRDA:32,2,1,0
BRDA:32,3,0,0
BRDA:32,3,1,0
BRDA:32,4,0,0
BRDA:32,4,1,0
BRDA:32,5,0,0
BRDA:32,5,1,0
BRDA:32,6,0,0
BRDA:32,6,1,0
BRDA:32,7,0,0
BRDA:32,7,1,0
BRF:16
BRH:0
end_of_record
TN:
SF:src\shared\hooks\useFileUpload.ts
FN:4,(anonymous_0)
FN:19,(anonymous_1)
FN:26,(anonymous_2)
FN:30,(anonymous_3)
FN:42,(anonymous_4)
FN:56,(anonymous_5)
FN:100,(anonymous_6)
FN:103,(anonymous_7)
FN:104,(anonymous_8)
FN:107,(anonymous_9)
FN:111,(anonymous_10)
FNF:11
FNH:11
FNDA:46,(anonymous_0)
FNDA:22,(anonymous_1)
FNDA:7,(anonymous_2)
FNDA:5,(anonymous_3)
FNDA:19,(anonymous_4)
FNDA:22,(anonymous_5)
FNDA:4,(anonymous_6)
FNDA:2,(anonymous_7)
FNDA:2,(anonymous_8)
FNDA:3,(anonymous_9)
FNDA:1,(anonymous_10)
DA:1,1
DA:4,1
DA:16,46
DA:17,46
DA:19,46
DA:20,22
DA:21,2
DA:22,2
DA:25,20
DA:26,7
DA:27,5
DA:28,5
DA:30,5
DA:31,5
DA:32,4
DA:33,1
DA:36,5
DA:39,19
DA:42,46
DA:43,19
DA:45,19
DA:46,4
DA:47,3
DA:48,3
DA:49,1
DA:50,1
DA:51,1
DA:53,1
DA:56,46
DA:57,22
DA:59,22
DA:60,2
DA:61,2
DA:62,2
DA:63,2
DA:66,20
DA:67,20
DA:68,1
DA:69,1
DA:70,1
DA:71,1
DA:74,19
DA:76,19
DA:77,22
DA:78,22
DA:79,3
DA:80,3
DA:81,3
DA:84,19
DA:85,19
DA:87,19
DA:97,16
DA:98,16
DA:99,16
DA:100,16
DA:103,46
DA:104,2
DA:105,2
DA:107,3
DA:108,2
DA:109,2
DA:111,2
DA:112,2
DA:115,46
LF:64
LH:64
BRDA:6,0,0,30
BRDA:7,1,0,29
BRDA:8,2,0,40
BRDA:9,3,0,44
BRDA:10,4,0,40
BRDA:20,5,0,2
BRDA:20,5,1,20
BRDA:25,6,0,5
BRDA:25,6,1,15
BRDA:31,7,0,1
BRDA:31,7,1,4
BRDA:32,8,0,3
BRDA:32,8,1,1
BRDA:36,9,0,1
BRDA:36,9,1,4
BRDA:45,10,0,15
BRDA:45,10,1,4
BRDA:46,11,0,1
BRDA:46,11,1,3
BRDA:47,12,0,0
BRDA:47,12,1,3
BRDA:48,13,0,2
BRDA:48,13,1,1
BRDA:49,14,0,0
BRDA:49,14,1,1
BRDA:49,15,0,1
BRDA:49,15,1,1
BRDA:50,16,0,0
BRDA:50,16,1,1
BRDA:50,17,0,1
BRDA:50,17,1,1
BRDA:51,18,0,0
BRDA:51,18,1,1
BRDA:51,19,0,1
BRDA:51,19,1,1
BRDA:59,20,0,2
BRDA:59,20,1,20
BRDA:59,21,0,22
BRDA:59,21,1,17
BRDA:62,22,0,1
BRDA:62,22,1,1
BRDA:62,23,0,2
BRDA:62,23,1,2
BRDA:67,24,0,1
BRDA:67,24,1,19
BRDA:67,25,0,20
BRDA:67,25,1,5
BRDA:70,26,0,0
BRDA:70,26,1,1
BRDA:70,27,0,1
BRDA:70,27,1,1
BRDA:78,28,0,3
BRDA:78,28,1,19
BRDA:80,29,0,0
BRDA:80,29,1,3
BRDA:80,30,0,3
BRDA:80,30,1,3
BRDA:85,31,0,14
BRDA:85,31,1,5
BRDA:85,32,0,19
BRDA:85,32,1,18
BRDA:97,33,0,4
BRDA:97,33,1,12
BRDA:100,34,0,13
BRDA:100,34,1,3
BRDA:100,35,0,16
BRDA:100,35,1,16
BRDA:105,36,0,2
BRDA:105,36,1,0
BRDA:105,37,0,0
BRDA:105,37,1,2
BRDA:105,38,0,2
BRDA:105,38,1,2
BRDA:111,39,0,1
BRDA:111,39,1,1
BRDA:111,40,0,2
BRDA:111,40,1,2
BRDA:112,41,0,2
BRDA:112,41,1,0
BRDA:112,42,0,1
BRDA:112,42,1,1
BRDA:112,43,0,2
BRDA:112,43,1,2
BRF:83
BRH:74
end_of_record
TN:
SF:src\shared\utils\layoutModes.ts
FN:12,(anonymous_0)
FN:48,(anonymous_1)
FN:64,(anonymous_2)
FN:75,(anonymous_3)
FN:78,(anonymous_4)
FN:81,(anonymous_5)
FN:84,(anonymous_6)
FNF:7
FNH:0
FNDA:0,(anonymous_0)
FNDA:0,(anonymous_1)
FNDA:0,(anonymous_2)
FNDA:0,(anonymous_3)
FNDA:0,(anonymous_4)
FNDA:0,(anonymous_5)
FNDA:0,(anonymous_6)
DA:12,0
DA:14,0
DA:21,0
DA:23,0
DA:24,0
DA:25,0
DA:28,0
DA:29,0
DA:30,0
DA:33,0
DA:34,0
DA:35,0
DA:39,0
DA:40,0
DA:48,0
DA:49,0
DA:50,0
DA:52,0
DA:53,0
DA:55,0
DA:56,0
DA:58,0
DA:64,0
DA:65,0
DA:66,0
DA:67,0
DA:73,0
DA:75,0
DA:78,0
DA:81,0
DA:84,0
DA:91,0
DA:92,0
DA:97,0
LF:34
LH:0
BRDA:21,0,0,0
BRDA:21,0,1,0
BRDA:21,0,2,0
BRDA:21,0,3,0
BRDA:49,1,0,0
BRDA:49,1,1,0
BRDA:52,2,0,0
BRDA:52,2,1,0
BRDA:55,3,0,0
BRDA:55,3,1,0
BRDA:66,4,0,0
BRDA:66,4,1,0
BRDA:91,5,0,0
BRDA:91,5,1,0
BRF:14
BRH:0
end_of_record
